TN:
SF:script/Counter.s.sol
FN:7,CounterScript.setUp
FNDA:0,CounterScript.setUp
FN:9,CounterScript.run
FNDA:0,CounterScript.run
DA:10,0
DA:10,0
FNF:2
FNH:0
LF:1
LH:0
BRF:0
BRH:0
end_of_record
TN:
SF:src/Cindr.sol
FN:117,Cindr.lockTheSwap
FNDA:9023,Cindr.lockTheSwap
DA:118,9023
DA:118,9023
DA:120,9023
DA:120,9023
FN:135,Cindr.
FNDA:59,Cindr.
DA:147,59
DA:147,59
BRDA:147,0,0,58
BRDA:147,0,1,58
DA:148,58
DA:148,58
BRDA:148,1,0,57
BRDA:148,1,1,57
DA:149,57
DA:149,57
BRDA:149,2,0,56
BRDA:149,2,1,56
DA:150,56
DA:150,56
BRDA:150,3,0,55
BRDA:150,3,1,55
DA:154,55
DA:154,55
BRDA:154,4,0,-
BRDA:154,4,1,54
DA:158,54
DA:158,54
BRDA:158,5,0,-
BRDA:158,5,1,53
DA:159,53
DA:159,53
BRDA:159,6,0,-
BRDA:159,6,1,52
DA:160,52
DA:160,52
BRDA:160,7,0,-
BRDA:160,7,1,51
DA:164,51
DA:164,51
BRDA:164,8,0,-
BRDA:164,8,1,50
DA:169,50
DA:169,50
DA:170,50
DA:170,50
DA:171,50
DA:171,50
DA:173,50
DA:173,50
DA:174,50
DA:174,50
DA:176,50
DA:176,50
DA:177,50
DA:177,50
DA:178,50
DA:178,50
DA:179,50
DA:179,50
DA:181,50
DA:181,50
DA:183,50
DA:183,50
DA:183,50
DA:188,50
DA:188,50
DA:192,50
DA:192,50
DA:195,50
DA:195,50
DA:196,50
DA:196,50
DA:198,50
DA:198,50
FN:209,Cindr.isExcludedFromReward
FNDA:1,Cindr.isExcludedFromReward
DA:212,1
DA:212,1
FN:218,Cindr.totalFees
FNDA:1004,Cindr.totalFees
DA:219,1004
DA:219,1004
FN:225,Cindr.deliver
FNDA:1002,Cindr.deliver
DA:226,1002
DA:226,1002
DA:226,1002
DA:227,1002
DA:227,1002
BRDA:227,9,0,1002
BRDA:227,9,1,1002
DA:232,1002
DA:232,1002
DA:232,1002
DA:234,1002
DA:234,1002
DA:235,1002
DA:235,1002
DA:236,1002
DA:236,1002
FN:242,Cindr.reflectionFromToken
FNDA:1006,Cindr.reflectionFromToken
DA:246,1006
DA:246,1006
BRDA:246,10,0,1006
BRDA:246,10,1,1006
DA:247,1006
DA:247,1006
BRDA:247,11,0,519
BRDA:247,11,1,519
DA:248,487
DA:248,487
DA:248,487
DA:249,487
DA:249,487
DA:251,519
DA:251,519
DA:251,519
DA:252,519
DA:252,519
FN:262,Cindr.name
FNDA:1,Cindr.name
DA:263,1
DA:263,1
FN:269,Cindr.symbol
FNDA:1,Cindr.symbol
DA:270,1
DA:270,1
FN:276,Cindr.decimals
FNDA:1,Cindr.decimals
DA:277,1
DA:277,1
FN:283,Cindr.totalSupply
FNDA:2003,Cindr.totalSupply
DA:284,2003
DA:284,2003
FN:290,Cindr.balanceOf
FNDA:46532,Cindr.balanceOf
DA:291,74076
BRDA:291,12,0,-
BRDA:291,12,1,74076
DA:291,0
DA:293,74076
DA:293,74076
DA:293,74076
FN:299,Cindr.transfer
FNDA:9475,Cindr.transfer
DA:303,9475
DA:303,9475
DA:304,9473
DA:304,9473
FN:310,Cindr.allowance
FNDA:4,Cindr.allowance
DA:314,4
DA:314,4
FN:322,Cindr.approve
FNDA:27,Cindr.approve
DA:326,27
DA:326,27
DA:327,27
DA:327,27
FN:330,Cindr.transferFrom
FNDA:18069,Cindr.transferFrom
DA:335,18069
DA:335,18069
DA:336,18069
DA:336,18069
DA:341,18069
DA:341,18069
FN:344,Cindr.increaseAllowance
FNDA:1,Cindr.increaseAllowance
DA:348,1
DA:348,1
DA:354,1
DA:354,1
FN:357,Cindr.decreaseAllowance
FNDA:1,Cindr.decreaseAllowance
DA:361,1
DA:361,1
DA:367,1
DA:367,1
FN:377,Cindr.isExcludedFromFee
FNDA:3,Cindr.isExcludedFromFee
DA:378,3
DA:378,3
FN:384,Cindr.tokenFromReflection
FNDA:1,Cindr.tokenFromReflection
DA:387,74077
DA:387,74077
BRDA:387,13,0,74077
BRDA:387,13,1,74077
DA:392,74077
DA:392,74077
DA:392,74077
DA:394,74077
DA:394,74077
DA:394,74077
FN:408,Cindr._reflectFee
FNDA:27542,Cindr._reflectFee
DA:409,27542
DA:409,27542
DA:411,27542
DA:411,27542
FN:418,Cindr._takeLiquidity
FNDA:27542,Cindr._takeLiquidity
DA:419,27542
DA:419,27542
DA:419,27542
DA:421,27542
DA:421,27542
DA:421,27542
DA:423,27542
DA:423,27542
DA:425,27542
BRDA:425,14,0,27542
BRDA:425,14,1,27542
DA:426,0
DA:426,0
FN:432,Cindr._removeAllFee
FNDA:18074,Cindr._removeAllFee
DA:434,18074
DA:434,18074
DA:434,18074
DA:434,18074
DA:434,18074
DA:435,0
DA:435,0
DA:436,0
DA:436,0
DA:437,0
DA:437,0
BRDA:433,15,0,27544
BRDA:433,15,1,18074
DA:438,18074
DA:438,18074
DA:440,18074
DA:440,18074
DA:441,18074
DA:441,18074
DA:442,18074
DA:442,18074
DA:443,18074
DA:443,18074
FN:446,Cindr._restoreAllFee
FNDA:18073,Cindr._restoreAllFee
DA:447,18073
DA:447,18073
DA:448,18073
DA:448,18073
DA:449,18073
DA:449,18073
DA:450,18073
DA:450,18073
FN:460,Cindr._tokenTransfer
FNDA:27544,Cindr._tokenTransfer
DA:466,27544
DA:466,27544
BRDA:466,16,0,-
BRDA:466,16,1,27544
DA:466,18074
DA:468,27544
DA:468,27544
DA:470,27542
DA:470,27542
BRDA:470,17,0,27542
BRDA:470,17,1,27542
DA:470,18073
FN:479,Cindr._transferStandard
FNDA:27544,Cindr._transferStandard
DA:484,27544
DA:484,27544
DA:491,27544
DA:491,27544
DA:493,27544
DA:493,27544
BRDA:493,18,0,27542
BRDA:493,18,1,27542
DA:494,2
DA:494,2
DA:497,27542
DA:497,27542
DA:498,27542
DA:498,27542
DA:500,27542
DA:500,27542
DA:502,27542
DA:502,27542
DA:503,27542
DA:503,27542
DA:505,27542
DA:505,27542
DA:507,27542
DA:507,27542
FN:514,Cindr._takeBurnFromTAmount
FNDA:27542,Cindr._takeBurnFromTAmount
DA:515,27542
DA:515,27542
DA:515,27542
DA:517,27542
DA:517,27542
DA:517,27542
DA:518,27542
DA:518,27542
DA:518,27542
DA:520,27542
DA:520,27542
DA:521,27542
DA:521,27542
FN:528,Cindr._takeMarketingFromTAmount
FNDA:27542,Cindr._takeMarketingFromTAmount
DA:529,27542
DA:529,27542
DA:529,27542
DA:531,27542
DA:531,27542
DA:531,27542
DA:532,27542
DA:532,27542
DA:532,27542
DA:534,27542
DA:534,27542
DA:536,27542
BRDA:536,19,0,27542
BRDA:536,19,1,27542
DA:537,0
DA:537,0
FN:540,Cindr._approve
FNDA:36144,Cindr._approve
DA:541,36144
DA:541,36144
BRDA:541,20,0,36144
BRDA:541,20,1,36144
DA:542,36144
DA:542,36144
BRDA:542,21,0,36144
BRDA:542,21,1,36144
DA:544,36144
DA:544,36144
DA:545,36144
DA:545,36144
FN:548,Cindr._transfer
FNDA:27544,Cindr._transfer
DA:549,27544
DA:549,27544
BRDA:549,22,0,27544
BRDA:549,22,1,27544
DA:550,27544
DA:550,27544
BRDA:550,23,0,27544
BRDA:550,23,1,27544
DA:551,27544
DA:551,27544
BRDA:551,24,0,27544
BRDA:551,24,1,27544
DA:557,27544
DA:557,27544
DA:557,27544
DA:559,27544
DA:559,27544
BRDA:559,25,0,27544
BRDA:559,25,1,27544
DA:560,0
DA:560,0
DA:563,27544
DA:563,27544
DA:563,27544
DA:566,27544
DA:566,27544
DA:566,27544
DA:566,27544
DA:567,27068
DA:567,27068
DA:568,9023
DA:568,9023
BRDA:565,26,0,27544
BRDA:565,26,1,27544
DA:571,9023
DA:571,9023
DA:573,9023
DA:573,9023
DA:577,27544
DA:577,27544
DA:580,27544
DA:580,27544
BRDA:580,27,0,-
BRDA:580,27,1,27544
DA:581,18074
DA:581,18074
DA:585,27544
DA:585,27544
FN:592,Cindr._swapAndLiquify
FNDA:9023,Cindr._swapAndLiquify
DA:594,9023
DA:594,9023
DA:594,9023
DA:595,9023
DA:595,9023
DA:595,9023
DA:601,9023
DA:601,9023
DA:604,9023
DA:604,9023
DA:607,9023
DA:607,9023
DA:607,9023
DA:610,9023
DA:610,9023
DA:612,9023
DA:612,9023
FN:619,Cindr._swapTokensForEth
FNDA:9023,Cindr._swapTokensForEth
DA:621,9023
DA:621,9023
DA:621,9023
DA:622,9023
DA:622,9023
DA:623,9023
DA:623,9023
DA:625,9023
DA:625,9023
DA:628,9023
DA:628,9023
FN:642,Cindr._addLiquidity
FNDA:9023,Cindr._addLiquidity
DA:644,9023
DA:644,9023
DA:647,9023
DA:647,9023
FN:662,Cindr._getValues
FNDA:29552,Cindr._getValues
DA:669,29552
DA:669,29552
DA:673,29552
DA:673,29552
DA:675,29552
DA:675,29552
DA:675,29552
DA:682,29552
DA:682,29552
FN:697,Cindr._getTValues
FNDA:29552,Cindr._getTValues
DA:700,29552
DA:700,29552
DA:700,29552
DA:701,29552
DA:701,29552
DA:701,29552
DA:702,29552
DA:702,29552
DA:702,29552
DA:703,29552
DA:703,29552
DA:703,29552
DA:705,29552
DA:705,29552
DA:705,29552
DA:705,29552
DA:705,29552
DA:705,29552
DA:711,29552
DA:711,29552
FN:718,Cindr._getRate
FNDA:186255,Cindr._getRate
DA:719,186255
DA:719,186255
DA:719,186255
DA:721,186255
DA:721,186255
DA:721,186255
FN:728,Cindr._getCurrentSupply
FNDA:186255,Cindr._getCurrentSupply
DA:729,186255
DA:729,186255
DA:730,186255
DA:730,186255
DA:732,186255
DA:732,186255
DA:732,186255
DA:732,0
DA:734,0
DA:734,0
DA:734,0
DA:735,0
DA:735,0
BRDA:733,28,0,-
BRDA:733,28,1,-
DA:736,0
DA:736,0
DA:738,0
DA:738,0
DA:739,0
DA:739,0
DA:742,186255
DA:742,186255
DA:742,186255
BRDA:742,29,0,186255
BRDA:742,29,1,186255
DA:742,0
DA:744,186255
DA:744,186255
FN:752,Cindr._calculateTaxFee
FNDA:29552,Cindr._calculateTaxFee
DA:753,29552
DA:753,29552
DA:753,29552
FN:761,Cindr._calculateBurnFee
FNDA:57094,Cindr._calculateBurnFee
DA:762,57094
DA:762,57094
DA:762,57094
FN:770,Cindr._calculateLiquidityFee
FNDA:29552,Cindr._calculateLiquidityFee
DA:773,29552
DA:773,29552
DA:773,29552
FN:781,Cindr._calculateMarketingFee
FNDA:57094,Cindr._calculateMarketingFee
DA:784,57094
DA:784,57094
DA:784,57094
FN:787,Cindr._getRValues
FNDA:29552,Cindr._getRValues
DA:793,29552
DA:793,29552
DA:793,29552
DA:794,29552
DA:794,29552
DA:794,29552
DA:795,29552
DA:795,29552
DA:795,29552
DA:797,29552
DA:797,29552
DA:797,29552
DA:797,29552
DA:799,29552
DA:799,29552
FNF:41
FNH:41
LF:173
LH:162
BRF:60
BRH:50
end_of_record
