TN:
SF:script/Counter.s.sol
FN:7,CounterScript.setUp
FNDA:0,CounterScript.setUp
FN:9,CounterScript.run
FNDA:0,CounterScript.run
DA:10,0
DA:10,0
FNF:2
FNH:0
LF:1
LH:0
BRF:0
BRH:0
end_of_record
TN:
SF:src/Cindr.sol
FN:118,Cindr.lockTheSwap
FNDA:11099,Cindr.lockTheSwap
DA:119,11099
DA:119,11099
DA:121,11099
DA:121,11099
FN:136,Cindr.
FNDA:84,Cindr.
DA:148,84
DA:148,84
BRDA:148,0,0,83
BRDA:148,0,1,83
DA:149,83
DA:149,83
BRDA:149,1,0,82
BRDA:149,1,1,82
DA:150,82
DA:150,82
BRDA:150,2,0,81
BRDA:150,2,1,81
DA:151,81
DA:151,81
BRDA:151,3,0,80
BRDA:151,3,1,80
DA:155,80
DA:155,80
BRDA:155,4,0,-
BRDA:155,4,1,79
DA:159,79
DA:159,79
BRDA:159,5,0,-
BRDA:159,5,1,78
DA:160,78
DA:160,78
BRDA:160,6,0,-
BRDA:160,6,1,77
DA:161,77
DA:161,77
BRDA:161,7,0,-
BRDA:161,7,1,76
DA:165,76
DA:165,76
BRDA:165,8,0,-
BRDA:165,8,1,75
DA:170,75
DA:170,75
DA:171,75
DA:171,75
DA:172,75
DA:172,75
DA:174,75
DA:174,75
DA:175,75
DA:175,75
DA:177,75
DA:177,75
DA:178,75
DA:178,75
DA:179,75
DA:179,75
DA:180,75
DA:180,75
DA:182,75
DA:182,75
DA:184,75
DA:184,75
DA:184,75
DA:189,75
DA:189,75
DA:193,75
DA:193,75
DA:196,75
DA:196,75
DA:197,75
DA:197,75
DA:198,75
DA:198,75
DA:200,75
DA:200,75
FN:211,Cindr.isExcludedFromReward
FNDA:1008,Cindr.isExcludedFromReward
DA:214,1008
DA:214,1008
FN:220,Cindr.totalFees
FNDA:1010,Cindr.totalFees
DA:221,1010
DA:221,1010
FN:227,Cindr.deliver
FNDA:1008,Cindr.deliver
DA:228,1008
DA:228,1008
DA:228,1008
DA:229,1008
DA:229,1008
BRDA:229,9,0,1008
BRDA:229,9,1,1008
DA:234,1008
DA:234,1008
DA:234,1008
DA:236,1008
DA:236,1008
DA:237,1008
DA:237,1008
DA:238,1008
DA:238,1008
FN:244,Cindr.reflectionFromToken
FNDA:1016,Cindr.reflectionFromToken
DA:248,1016
DA:248,1016
BRDA:248,10,0,1016
BRDA:248,10,1,1016
DA:249,1016
DA:249,1016
BRDA:249,11,0,521
BRDA:249,11,1,521
DA:250,495
DA:250,495
DA:250,495
DA:251,495
DA:251,495
DA:253,521
DA:253,521
DA:253,521
DA:254,521
DA:254,521
FN:261,Cindr.excludeFromReward
FNDA:2034,Cindr.excludeFromReward
DA:262,2034
DA:262,2034
BRDA:262,12,0,-
BRDA:262,12,1,2034
DA:264,2034
DA:264,2034
BRDA:264,13,0,-
BRDA:264,13,1,2034
DA:269,2034
DA:269,2034
BRDA:269,14,0,2034
BRDA:269,14,1,2034
DA:271,2034
DA:271,2034
BRDA:271,15,0,-
BRDA:271,15,1,2034
DA:272,2029
DA:272,2029
DA:275,2034
DA:275,2034
DA:276,2034
DA:276,2034
FN:282,Cindr.includeInReward
FNDA:5,Cindr.includeInReward
DA:283,5
DA:283,5
BRDA:283,16,0,-
BRDA:283,16,1,5
DA:285,5
DA:285,5
BRDA:285,17,0,5
BRDA:285,17,1,5
DA:286,5
DA:286,5
DA:286,5
DA:286,0
DA:287,5
DA:287,5
BRDA:287,18,0,-
BRDA:287,18,1,5
DA:288,5
DA:288,5
DA:289,5
DA:289,5
DA:290,5
DA:290,5
DA:291,5
DA:291,5
DA:292,5
DA:292,5
FN:300,Cindr.excludeFromFee
FNDA:1011,Cindr.excludeFromFee
DA:301,1011
DA:301,1011
FN:307,Cindr.includeInFee
FNDA:1,Cindr.includeInFee
DA:308,1
DA:308,1
FN:314,Cindr.setTaxFeePercent
FNDA:2015,Cindr.setTaxFeePercent
DA:315,2015
DA:315,2015
BRDA:315,19,0,-
BRDA:315,19,1,2015
DA:317,2015
DA:317,2015
DA:318,2015
DA:318,2015
FN:324,Cindr.setBurnFeePercent
FNDA:2015,Cindr.setBurnFeePercent
DA:325,2015
DA:325,2015
BRDA:325,20,0,-
BRDA:325,20,1,2015
DA:327,2015
DA:327,2015
DA:328,2015
DA:328,2015
FN:334,Cindr.setLiquidityFeePercent
FNDA:2015,Cindr.setLiquidityFeePercent
DA:335,2015
DA:335,2015
BRDA:335,21,0,-
BRDA:335,21,1,2015
DA:340,2015
DA:340,2015
DA:341,2015
DA:341,2015
FN:347,Cindr.setMarketingFeePercent
FNDA:2015,Cindr.setMarketingFeePercent
DA:348,2015
DA:348,2015
BRDA:348,22,0,-
BRDA:348,22,1,2015
DA:352,2015
DA:352,2015
DA:353,2015
DA:353,2015
FN:359,Cindr.setMaxTxPercent
FNDA:1007,Cindr.setMaxTxPercent
DA:360,1007
DA:360,1007
BRDA:360,23,0,-
BRDA:360,23,1,1007
DA:365,1007
DA:365,1007
DA:366,1007
DA:366,1007
FN:372,Cindr.setSwapAndLiquifyEnabled
FNDA:2014,Cindr.setSwapAndLiquifyEnabled
DA:373,2014
DA:373,2014
DA:375,2014
DA:375,2014
FN:381,Cindr.recoverETH
FNDA:3,Cindr.recoverETH
DA:382,2
DA:382,2
DA:383,2
DA:383,2
BRDA:383,24,0,-
BRDA:383,24,1,1
DA:385,1
DA:385,1
DA:387,1
DA:387,1
FN:396,Cindr.name
FNDA:1,Cindr.name
DA:397,1
DA:397,1
FN:403,Cindr.symbol
FNDA:1,Cindr.symbol
DA:404,1
DA:404,1
FN:410,Cindr.decimals
FNDA:1,Cindr.decimals
DA:411,1
DA:411,1
FN:417,Cindr.totalSupply
FNDA:3022,Cindr.totalSupply
DA:418,3022
DA:418,3022
FN:424,Cindr.balanceOf
FNDA:59948,Cindr.balanceOf
DA:425,93758
BRDA:425,25,0,-
BRDA:425,25,1,91709
DA:425,2049
DA:427,91709
DA:427,91709
DA:427,91709
FN:433,Cindr.transfer
FNDA:11585,Cindr.transfer
DA:437,11585
DA:437,11585
DA:438,11577
DA:438,11577
FN:444,Cindr.allowance
FNDA:4,Cindr.allowance
DA:448,4
DA:448,4
FN:456,Cindr.approve
FNDA:32,Cindr.approve
DA:460,32
DA:460,32
DA:461,32
DA:461,32
FN:464,Cindr.transferFrom
FNDA:22226,Cindr.transferFrom
DA:469,22226
DA:469,22226
DA:470,22226
DA:470,22226
DA:475,22226
DA:475,22226
FN:478,Cindr.increaseAllowance
FNDA:1,Cindr.increaseAllowance
DA:482,1
DA:482,1
DA:488,1
DA:488,1
FN:491,Cindr.decreaseAllowance
FNDA:1,Cindr.decreaseAllowance
DA:495,1
DA:495,1
DA:501,1
DA:501,1
FN:511,Cindr.isExcludedFromFee
FNDA:2,Cindr.isExcludedFromFee
DA:512,2
DA:512,2
FN:518,Cindr.tokenFromReflection
FNDA:1,Cindr.tokenFromReflection
DA:521,93739
DA:521,93739
BRDA:521,26,0,93739
BRDA:521,26,1,93739
DA:526,93739
DA:526,93739
DA:526,93739
DA:528,93739
DA:528,93739
DA:528,93739
FN:542,Cindr._reflectFee
FNDA:33803,Cindr._reflectFee
DA:543,33803
DA:543,33803
DA:545,33803
DA:545,33803
FN:552,Cindr._takeLiquidity
FNDA:33803,Cindr._takeLiquidity
DA:553,33803
DA:553,33803
DA:553,33803
DA:555,33803
DA:555,33803
DA:555,33803
DA:557,33803
DA:557,33803
DA:559,33803
BRDA:559,27,0,33803
BRDA:559,27,1,33803
DA:560,12
DA:560,12
FN:566,Cindr._removeAllFee
FNDA:23326,Cindr._removeAllFee
DA:568,23326
DA:568,23326
DA:568,23326
DA:568,23326
DA:568,23326
DA:569,0
DA:569,0
DA:570,0
DA:570,0
DA:571,0
DA:571,0
BRDA:567,28,0,1019
BRDA:567,28,1,23326
DA:572,23326
DA:572,23326
DA:574,23326
DA:574,23326
DA:575,23326
DA:575,23326
DA:576,23326
DA:576,23326
DA:577,23326
DA:577,23326
FN:580,Cindr._restoreAllFee
FNDA:23326,Cindr._restoreAllFee
DA:581,23326
DA:581,23326
DA:582,23326
DA:582,23326
DA:583,23326
DA:583,23326
DA:584,23326
DA:584,23326
FN:594,Cindr._tokenTransfer
FNDA:33810,Cindr._tokenTransfer
DA:600,33810
DA:600,33810
BRDA:600,29,0,-
BRDA:600,29,1,33810
DA:600,23326
DA:602,33810
DA:602,33810
DA:602,1022
BRDA:602,30,0,-
BRDA:602,30,1,32791
DA:603,1019
DA:603,1019
DA:604,32791
DA:604,32791
DA:604,32791
BRDA:604,31,0,-
BRDA:604,31,1,31781
DA:605,1010
DA:605,1010
DA:606,31781
DA:606,31781
DA:606,31781
DA:606,31778
BRDA:606,32,0,-
BRDA:606,32,1,3
DA:607,31778
DA:607,31778
DA:608,3
DA:608,3
BRDA:608,33,0,-
BRDA:608,33,1,-
DA:609,3
DA:609,3
DA:611,0
DA:611,0
DA:614,33803
DA:614,33803
BRDA:614,34,0,33803
BRDA:614,34,1,33803
DA:614,23326
FN:623,Cindr._transferStandard
FNDA:31778,Cindr._transferStandard
DA:628,31778
DA:628,31778
DA:635,31778
DA:635,31778
DA:637,31778
DA:637,31778
BRDA:637,35,0,31776
BRDA:637,35,1,31776
DA:638,2
DA:638,2
DA:641,31776
DA:641,31776
DA:642,31776
DA:642,31776
DA:644,31776
DA:644,31776
DA:646,31776
DA:646,31776
DA:647,31776
DA:647,31776
DA:649,31776
DA:649,31776
DA:651,31776
DA:651,31776
FN:660,Cindr._transferToExcluded
FNDA:1010,Cindr._transferToExcluded
DA:665,1010
DA:665,1010
DA:672,1010
DA:672,1010
DA:674,1010
DA:674,1010
BRDA:674,36,0,1009
BRDA:674,36,1,1009
DA:675,1
DA:675,1
DA:678,1009
DA:678,1009
DA:679,1009
DA:679,1009
DA:681,1009
DA:681,1009
DA:683,1009
DA:683,1009
DA:685,1009
DA:685,1009
DA:686,1009
DA:686,1009
DA:688,1009
DA:688,1009
DA:690,1009
DA:690,1009
FN:699,Cindr._transferFromExcluded
FNDA:1019,Cindr._transferFromExcluded
DA:704,1019
DA:704,1019
DA:711,1019
DA:711,1019
DA:713,1019
DA:713,1019
BRDA:713,37,0,1016
BRDA:713,37,1,1016
DA:714,3
DA:714,3
DA:717,1016
DA:717,1016
BRDA:717,38,0,1016
BRDA:717,38,1,1016
DA:718,0
DA:718,0
DA:725,1016
DA:725,1016
DA:726,1016
DA:726,1016
DA:728,1016
DA:728,1016
DA:730,1016
DA:730,1016
DA:732,1016
DA:732,1016
DA:733,1016
DA:733,1016
DA:735,1016
DA:735,1016
DA:737,1016
DA:737,1016
FN:746,Cindr._transferBothExcluded
FNDA:3,Cindr._transferBothExcluded
DA:751,3
DA:751,3
DA:758,3
DA:758,3
DA:760,3
DA:760,3
BRDA:760,39,0,2
BRDA:760,39,1,2
DA:761,1
DA:761,1
DA:764,2
DA:764,2
BRDA:764,40,0,2
BRDA:764,40,1,2
DA:765,0
DA:765,0
DA:772,2
DA:772,2
DA:773,2
DA:773,2
DA:775,2
DA:775,2
DA:776,2
DA:776,2
DA:778,2
DA:778,2
DA:780,2
DA:780,2
DA:781,2
DA:781,2
DA:783,2
DA:783,2
DA:784,2
DA:784,2
FN:791,Cindr._takeBurnFromTAmount
FNDA:33803,Cindr._takeBurnFromTAmount
DA:792,33803
DA:792,33803
DA:792,33803
DA:794,33803
DA:794,33803
DA:794,33803
DA:795,33803
DA:795,33803
DA:795,33803
DA:797,33803
DA:797,33803
DA:798,33803
DA:798,33803
FN:805,Cindr._takeMarketingFromTAmount
FNDA:33803,Cindr._takeMarketingFromTAmount
DA:806,33803
DA:806,33803
DA:806,33803
DA:808,33803
DA:808,33803
DA:808,33803
DA:809,33803
DA:809,33803
DA:809,33803
DA:811,33803
DA:811,33803
DA:813,33803
BRDA:813,41,0,33803
BRDA:813,41,1,33803
DA:814,1
DA:814,1
FN:817,Cindr._approve
FNDA:44458,Cindr._approve
DA:818,44458
DA:818,44458
BRDA:818,42,0,44458
BRDA:818,42,1,44458
DA:819,44458
DA:819,44458
BRDA:819,43,0,44458
BRDA:819,43,1,44458
DA:821,44458
DA:821,44458
DA:822,44458
DA:822,44458
FN:825,Cindr._transfer
FNDA:33811,Cindr._transfer
DA:826,33811
DA:826,33811
BRDA:826,44,0,33811
BRDA:826,44,1,33811
DA:827,33811
DA:827,33811
BRDA:827,45,0,33811
BRDA:827,45,1,33811
DA:828,33811
DA:828,33811
BRDA:828,46,0,-
BRDA:828,46,1,33811
DA:830,33811
DA:830,33811
DA:830,33811
DA:830,33811
DA:830,33692
DA:830,33692
BRDA:830,47,0,33810
BRDA:830,47,1,33691
DA:831,33692
DA:831,33692
BRDA:831,48,0,33810
BRDA:831,48,1,33691
DA:840,33810
DA:840,33810
DA:840,33810
DA:842,33810
DA:842,33810
BRDA:842,49,0,33810
BRDA:842,49,1,33810
DA:843,3
DA:843,3
DA:846,33810
DA:846,33810
DA:846,33810
DA:849,33810
DA:849,33810
DA:849,33810
DA:849,33810
DA:850,33296
DA:850,33296
DA:851,11099
DA:851,11099
BRDA:848,50,0,33810
BRDA:848,50,1,33810
DA:854,11099
DA:854,11099
DA:856,11099
DA:856,11099
DA:860,33810
DA:860,33810
DA:863,33810
DA:863,33810
BRDA:863,51,0,-
BRDA:863,51,1,33810
DA:864,23326
DA:864,23326
DA:868,33810
DA:868,33810
FN:875,Cindr._swapAndLiquify
FNDA:11099,Cindr._swapAndLiquify
DA:877,11099
DA:877,11099
DA:877,11099
DA:878,11099
DA:878,11099
DA:878,11099
DA:884,11099
DA:884,11099
DA:887,11099
DA:887,11099
DA:890,11099
DA:890,11099
DA:890,11099
DA:893,11099
DA:893,11099
DA:895,11099
DA:895,11099
FN:902,Cindr._swapTokensForEth
FNDA:11099,Cindr._swapTokensForEth
DA:904,11099
DA:904,11099
DA:904,11099
DA:905,11099
DA:905,11099
DA:906,11099
DA:906,11099
DA:908,11099
DA:908,11099
DA:911,11099
DA:911,11099
FN:925,Cindr._addLiquidity
FNDA:11099,Cindr._addLiquidity
DA:927,11099
DA:927,11099
DA:930,11099
DA:930,11099
FN:945,Cindr._getValues
FNDA:35834,Cindr._getValues
DA:952,35834
DA:952,35834
DA:956,35834
DA:956,35834
DA:958,35834
DA:958,35834
DA:958,35834
DA:965,35834
DA:965,35834
FN:980,Cindr._getTValues
FNDA:35834,Cindr._getTValues
DA:983,35834
DA:983,35834
DA:983,35834
DA:984,35834
DA:984,35834
DA:984,35834
DA:985,35834
DA:985,35834
DA:985,35834
DA:986,35834
DA:986,35834
DA:986,35834
DA:988,35834
DA:988,35834
DA:988,35834
DA:988,35834
DA:988,35834
DA:988,35834
DA:994,35834
DA:994,35834
FN:1001,Cindr._getRate
FNDA:230982,Cindr._getRate
DA:1002,230982
DA:1002,230982
DA:1002,230982
DA:1004,230982
DA:1004,230982
DA:1004,230982
FN:1011,Cindr._getCurrentSupply
FNDA:230982,Cindr._getCurrentSupply
DA:1012,230982
DA:1012,230982
DA:1013,230982
DA:1013,230982
DA:1015,230982
DA:1015,230982
DA:1015,268374
DA:1015,37392
DA:1017,37392
DA:1017,37392
DA:1017,37392
DA:1018,37392
DA:1018,37392
BRDA:1016,52,0,-
BRDA:1016,52,1,37392
DA:1019,0
DA:1019,0
DA:1021,37392
DA:1021,37392
DA:1022,37392
DA:1022,37392
DA:1025,230982
DA:1025,230982
DA:1025,230982
BRDA:1025,53,0,230982
BRDA:1025,53,1,230982
DA:1025,0
DA:1027,230982
DA:1027,230982
FN:1035,Cindr._calculateTaxFee
FNDA:35834,Cindr._calculateTaxFee
DA:1036,35834
DA:1036,35834
DA:1036,35834
FN:1044,Cindr._calculateBurnFee
FNDA:69637,Cindr._calculateBurnFee
DA:1045,69637
DA:1045,69637
DA:1045,69637
FN:1053,Cindr._calculateLiquidityFee
FNDA:35834,Cindr._calculateLiquidityFee
DA:1056,35834
DA:1056,35834
DA:1056,35834
FN:1064,Cindr._calculateMarketingFee
FNDA:69637,Cindr._calculateMarketingFee
DA:1067,69637
DA:1067,69637
DA:1067,69637
FN:1070,Cindr._getRValues
FNDA:35834,Cindr._getRValues
DA:1076,35834
DA:1076,35834
DA:1076,35834
DA:1077,35834
DA:1077,35834
DA:1077,35834
DA:1078,35834
DA:1078,35834
DA:1078,35834
DA:1080,35834
DA:1080,35834
DA:1080,35834
DA:1080,35834
DA:1082,35834
DA:1082,35834
FNF:55
FNH:55
LF:264
LH:257
BRF:108
BRH:82
end_of_record
